Log File Created
Searching font in:C:\Users\goriaa\Documents\Test Run\Testpdfhtmlandwayback\web_research\UFDA2\anthem fonts\temp\file10
Searching font in:C:\Users\goriaa\Documents\Test Run\Testpdfhtmlandwayback\web_research\UFDA2\anthem fonts\temp\file100
Searching font in:C:\Users\goriaa\Documents\Test Run\Testpdfhtmlandwayback\web_research\UFDA2\anthem fonts\temp\file101
Searching font in:C:\Users\goriaa\Documents\Test Run\Testpdfhtmlandwayback\web_research\UFDA2\anthem fonts\temp\file102
Searching font in:C:\Users\goriaa\Documents\Test Run\Testpdfhtmlandwayback\web_research\UFDA2\anthem fonts\temp\file103
Searching font in:C:\Users\goriaa\Documents\Test Run\Testpdfhtmlandwayback\web_research\UFDA2\anthem fonts\temp\file104
Searching font in:C:\Users\goriaa\Documents\Test Run\Testpdfhtmlandwayback\web_research\UFDA2\anthem fonts\temp\file105
Searching font in:C:\Users\goriaa\Documents\Test Run\Testpdfhtmlandwayback\web_research\UFDA2\anthem fonts\temp\file106
Searching font in:C:\Users\goriaa\Documents\Test Run\Testpdfhtmlandwayback\web_research\UFDA2\anthem fonts\temp\file11
Searching font in:C:\Users\goriaa\Documents\Test Run\Testpdfhtmlandwayback\web_research\UFDA2\anthem fonts\temp\file12
Searching font in:C:\Users\goriaa\Documents\Test Run\Testpdfhtmlandwayback\web_research\UFDA2\anthem fonts\temp\file13
Searching font in:C:\Users\goriaa\Documents\Test Run\Testpdfhtmlandwayback\web_research\UFDA2\anthem fonts\temp\file14
Searching font in:C:\Users\goriaa\Documents\Test Run\Testpdfhtmlandwayback\web_research\UFDA2\anthem fonts\temp\file15
Searching font in:C:\Users\goriaa\Documents\Test Run\Testpdfhtmlandwayback\web_research\UFDA2\anthem fonts\temp\file16
Searching font in:C:\Users\goriaa\Documents\Test Run\Testpdfhtmlandwayback\web_research\UFDA2\anthem fonts\temp\file17
Searching font in:C:\Users\goriaa\Documents\Test Run\Testpdfhtmlandwayback\web_research\UFDA2\anthem fonts\temp\file18
Searching font in:C:\Users\goriaa\Documents\Test Run\Testpdfhtmlandwayback\web_research\UFDA2\anthem fonts\temp\file19
Searching font in:C:\Users\goriaa\Documents\Test Run\Testpdfhtmlandwayback\web_research\UFDA2\anthem fonts\temp\file2
Searching font in:C:\Users\goriaa\Documents\Test Run\Testpdfhtmlandwayback\web_research\UFDA2\anthem fonts\temp\file20
Searching font in:C:\Users\goriaa\Documents\Test Run\Testpdfhtmlandwayback\web_research\UFDA2\anthem fonts\temp\file21
Searching font in:C:\Users\goriaa\Documents\Test Run\Testpdfhtmlandwayback\web_research\UFDA2\anthem fonts\temp\file22
Searching font in:C:\Users\goriaa\Documents\Test Run\Testpdfhtmlandwayback\web_research\UFDA2\anthem fonts\temp\file23
Searching font in:C:\Users\goriaa\Documents\Test Run\Testpdfhtmlandwayback\web_research\UFDA2\anthem fonts\temp\file24
Searching font in:C:\Users\goriaa\Documents\Test Run\Testpdfhtmlandwayback\web_research\UFDA2\anthem fonts\temp\file25
Searching font in:C:\Users\goriaa\Documents\Test Run\Testpdfhtmlandwayback\web_research\UFDA2\anthem fonts\temp\file27
Searching font in:C:\Users\goriaa\Documents\Test Run\Testpdfhtmlandwayback\web_research\UFDA2\anthem fonts\temp\file28
Searching font in:C:\Users\goriaa\Documents\Test Run\Testpdfhtmlandwayback\web_research\UFDA2\anthem fonts\temp\file29
Searching font in:C:\Users\goriaa\Documents\Test Run\Testpdfhtmlandwayback\web_research\UFDA2\anthem fonts\temp\file3
Searching font in:C:\Users\goriaa\Documents\Test Run\Testpdfhtmlandwayback\web_research\UFDA2\anthem fonts\temp\file30
Searching font in:C:\Users\goriaa\Documents\Test Run\Testpdfhtmlandwayback\web_research\UFDA2\anthem fonts\temp\file31
Searching font in:C:\Users\goriaa\Documents\Test Run\Testpdfhtmlandwayback\web_research\UFDA2\anthem fonts\temp\file32
Searching font in:C:\Users\goriaa\Documents\Test Run\Testpdfhtmlandwayback\web_research\UFDA2\anthem fonts\temp\file33
Searching font in:C:\Users\goriaa\Documents\Test Run\Testpdfhtmlandwayback\web_research\UFDA2\anthem fonts\temp\file34
Searching font in:C:\Users\goriaa\Documents\Test Run\Testpdfhtmlandwayback\web_research\UFDA2\anthem fonts\temp\file35
Searching font in:C:\Users\goriaa\Documents\Test Run\Testpdfhtmlandwayback\web_research\UFDA2\anthem fonts\temp\file36
Searching font in:C:\Users\goriaa\Documents\Test Run\Testpdfhtmlandwayback\web_research\UFDA2\anthem fonts\temp\file37
Searching font in:C:\Users\goriaa\Documents\Test Run\Testpdfhtmlandwayback\web_research\UFDA2\anthem fonts\temp\file38
Searching font in:C:\Users\goriaa\Documents\Test Run\Testpdfhtmlandwayback\web_research\UFDA2\anthem fonts\temp\file39
Searching font in:C:\Users\goriaa\Documents\Test Run\Testpdfhtmlandwayback\web_research\UFDA2\anthem fonts\temp\file4
Searching font in:C:\Users\goriaa\Documents\Test Run\Testpdfhtmlandwayback\web_research\UFDA2\anthem fonts\temp\file40
Searching font in:C:\Users\goriaa\Documents\Test Run\Testpdfhtmlandwayback\web_research\UFDA2\anthem fonts\temp\file41
Searching font in:C:\Users\goriaa\Documents\Test Run\Testpdfhtmlandwayback\web_research\UFDA2\anthem fonts\temp\file42
Searching font in:C:\Users\goriaa\Documents\Test Run\Testpdfhtmlandwayback\web_research\UFDA2\anthem fonts\temp\file43
Searching font in:C:\Users\goriaa\Documents\Test Run\Testpdfhtmlandwayback\web_research\UFDA2\anthem fonts\temp\file44
Searching font in:C:\Users\goriaa\Documents\Test Run\Testpdfhtmlandwayback\web_research\UFDA2\anthem fonts\temp\file45
Searching font in:C:\Users\goriaa\Documents\Test Run\Testpdfhtmlandwayback\web_research\UFDA2\anthem fonts\temp\file46
Searching font in:C:\Users\goriaa\Documents\Test Run\Testpdfhtmlandwayback\web_research\UFDA2\anthem fonts\temp\file47
Searching font in:C:\Users\goriaa\Documents\Test Run\Testpdfhtmlandwayback\web_research\UFDA2\anthem fonts\temp\file48
Searching font in:C:\Users\goriaa\Documents\Test Run\Testpdfhtmlandwayback\web_research\UFDA2\anthem fonts\temp\file49
Searching font in:C:\Users\goriaa\Documents\Test Run\Testpdfhtmlandwayback\web_research\UFDA2\anthem fonts\temp\file5
Searching font in:C:\Users\goriaa\Documents\Test Run\Testpdfhtmlandwayback\web_research\UFDA2\anthem fonts\temp\file50
Searching font in:C:\Users\goriaa\Documents\Test Run\Testpdfhtmlandwayback\web_research\UFDA2\anthem fonts\temp\file51
Searching font in:C:\Users\goriaa\Documents\Test Run\Testpdfhtmlandwayback\web_research\UFDA2\anthem fonts\temp\file52
Searching font in:C:\Users\goriaa\Documents\Test Run\Testpdfhtmlandwayback\web_research\UFDA2\anthem fonts\temp\file53
Searching font in:C:\Users\goriaa\Documents\Test Run\Testpdfhtmlandwayback\web_research\UFDA2\anthem fonts\temp\file54
Searching font in:C:\Users\goriaa\Documents\Test Run\Testpdfhtmlandwayback\web_research\UFDA2\anthem fonts\temp\file55
Searching font in:C:\Users\goriaa\Documents\Test Run\Testpdfhtmlandwayback\web_research\UFDA2\anthem fonts\temp\file56
Searching font in:C:\Users\goriaa\Documents\Test Run\Testpdfhtmlandwayback\web_research\UFDA2\anthem fonts\temp\file57
Searching font in:C:\Users\goriaa\Documents\Test Run\Testpdfhtmlandwayback\web_research\UFDA2\anthem fonts\temp\file58
Searching font in:C:\Users\goriaa\Documents\Test Run\Testpdfhtmlandwayback\web_research\UFDA2\anthem fonts\temp\file59
Searching font in:C:\Users\goriaa\Documents\Test Run\Testpdfhtmlandwayback\web_research\UFDA2\anthem fonts\temp\file6
Searching font in:C:\Users\goriaa\Documents\Test Run\Testpdfhtmlandwayback\web_research\UFDA2\anthem fonts\temp\file60
Searching font in:C:\Users\goriaa\Documents\Test Run\Testpdfhtmlandwayback\web_research\UFDA2\anthem fonts\temp\file61
Searching font in:C:\Users\goriaa\Documents\Test Run\Testpdfhtmlandwayback\web_research\UFDA2\anthem fonts\temp\file62
Searching font in:C:\Users\goriaa\Documents\Test Run\Testpdfhtmlandwayback\web_research\UFDA2\anthem fonts\temp\file63
Searching font in:C:\Users\goriaa\Documents\Test Run\Testpdfhtmlandwayback\web_research\UFDA2\anthem fonts\temp\file64
Searching font in:C:\Users\goriaa\Documents\Test Run\Testpdfhtmlandwayback\web_research\UFDA2\anthem fonts\temp\file65
Searching font in:C:\Users\goriaa\Documents\Test Run\Testpdfhtmlandwayback\web_research\UFDA2\anthem fonts\temp\file66
Searching font in:C:\Users\goriaa\Documents\Test Run\Testpdfhtmlandwayback\web_research\UFDA2\anthem fonts\temp\file67
Searching font in:C:\Users\goriaa\Documents\Test Run\Testpdfhtmlandwayback\web_research\UFDA2\anthem fonts\temp\file68
Searching font in:C:\Users\goriaa\Documents\Test Run\Testpdfhtmlandwayback\web_research\UFDA2\anthem fonts\temp\file69
Searching font in:C:\Users\goriaa\Documents\Test Run\Testpdfhtmlandwayback\web_research\UFDA2\anthem fonts\temp\file7
Searching font in:C:\Users\goriaa\Documents\Test Run\Testpdfhtmlandwayback\web_research\UFDA2\anthem fonts\temp\file70
Searching font in:C:\Users\goriaa\Documents\Test Run\Testpdfhtmlandwayback\web_research\UFDA2\anthem fonts\temp\file71
Searching font in:C:\Users\goriaa\Documents\Test Run\Testpdfhtmlandwayback\web_research\UFDA2\anthem fonts\temp\file72
Searching font in:C:\Users\goriaa\Documents\Test Run\Testpdfhtmlandwayback\web_research\UFDA2\anthem fonts\temp\file73
Searching font in:C:\Users\goriaa\Documents\Test Run\Testpdfhtmlandwayback\web_research\UFDA2\anthem fonts\temp\file74
Searching font in:C:\Users\goriaa\Documents\Test Run\Testpdfhtmlandwayback\web_research\UFDA2\anthem fonts\temp\file75
Searching font in:C:\Users\goriaa\Documents\Test Run\Testpdfhtmlandwayback\web_research\UFDA2\anthem fonts\temp\file76
Searching font in:C:\Users\goriaa\Documents\Test Run\Testpdfhtmlandwayback\web_research\UFDA2\anthem fonts\temp\file77
Searching font in:C:\Users\goriaa\Documents\Test Run\Testpdfhtmlandwayback\web_research\UFDA2\anthem fonts\temp\file78
Searching font in:C:\Users\goriaa\Documents\Test Run\Testpdfhtmlandwayback\web_research\UFDA2\anthem fonts\temp\file79
Searching font in:C:\Users\goriaa\Documents\Test Run\Testpdfhtmlandwayback\web_research\UFDA2\anthem fonts\temp\file8
Searching font in:C:\Users\goriaa\Documents\Test Run\Testpdfhtmlandwayback\web_research\UFDA2\anthem fonts\temp\file80
Searching font in:C:\Users\goriaa\Documents\Test Run\Testpdfhtmlandwayback\web_research\UFDA2\anthem fonts\temp\file81
Searching font in:C:\Users\goriaa\Documents\Test Run\Testpdfhtmlandwayback\web_research\UFDA2\anthem fonts\temp\file82
Searching font in:C:\Users\goriaa\Documents\Test Run\Testpdfhtmlandwayback\web_research\UFDA2\anthem fonts\temp\file83
Searching font in:C:\Users\goriaa\Documents\Test Run\Testpdfhtmlandwayback\web_research\UFDA2\anthem fonts\temp\file84
Searching font in:C:\Users\goriaa\Documents\Test Run\Testpdfhtmlandwayback\web_research\UFDA2\anthem fonts\temp\file85
Searching font in:C:\Users\goriaa\Documents\Test Run\Testpdfhtmlandwayback\web_research\UFDA2\anthem fonts\temp\file86
Searching font in:C:\Users\goriaa\Documents\Test Run\Testpdfhtmlandwayback\web_research\UFDA2\anthem fonts\temp\file87
Searching font in:C:\Users\goriaa\Documents\Test Run\Testpdfhtmlandwayback\web_research\UFDA2\anthem fonts\temp\file88
Searching font in:C:\Users\goriaa\Documents\Test Run\Testpdfhtmlandwayback\web_research\UFDA2\anthem fonts\temp\file89
Searching font in:C:\Users\goriaa\Documents\Test Run\Testpdfhtmlandwayback\web_research\UFDA2\anthem fonts\temp\file9
Searching font in:C:\Users\goriaa\Documents\Test Run\Testpdfhtmlandwayback\web_research\UFDA2\anthem fonts\temp\file90
Searching font in:C:\Users\goriaa\Documents\Test Run\Testpdfhtmlandwayback\web_research\UFDA2\anthem fonts\temp\file91
Searching font in:C:\Users\goriaa\Documents\Test Run\Testpdfhtmlandwayback\web_research\UFDA2\anthem fonts\temp\file92
Searching font in:C:\Users\goriaa\Documents\Test Run\Testpdfhtmlandwayback\web_research\UFDA2\anthem fonts\temp\file93
Searching font in:C:\Users\goriaa\Documents\Test Run\Testpdfhtmlandwayback\web_research\UFDA2\anthem fonts\temp\file94
Searching font in:C:\Users\goriaa\Documents\Test Run\Testpdfhtmlandwayback\web_research\UFDA2\anthem fonts\temp\file95
Searching font in:C:\Users\goriaa\Documents\Test Run\Testpdfhtmlandwayback\web_research\UFDA2\anthem fonts\temp\file96
Searching font in:C:\Users\goriaa\Documents\Test Run\Testpdfhtmlandwayback\web_research\UFDA2\anthem fonts\temp\file97
Searching font in:C:\Users\goriaa\Documents\Test Run\Testpdfhtmlandwayback\web_research\UFDA2\anthem fonts\temp\file98
Searching font in:C:\Users\goriaa\Documents\Test Run\Testpdfhtmlandwayback\web_research\UFDA2\anthem fonts\temp\file99
Font File Found:C:\Users\goriaa\Documents\Test Run\Testpdfhtmlandwayback\web_research\UFDA2\anthem fonts\0811c0f1-a9da-43b6-8e6b-7b3b1dcb2094 (2).woff2
Font File Found:C:\Users\goriaa\Documents\Test Run\Testpdfhtmlandwayback\web_research\UFDA2\anthem fonts\0d096877-d31b-4b43-b54c-18eefae0a26a (3).woff2
Font File Found:C:\Users\goriaa\Documents\Test Run\Testpdfhtmlandwayback\web_research\UFDA2\anthem fonts\7b5039a3-ee79-4236-a97e-48c6110c164c (2).woff2
Font File Found:C:\Users\goriaa\Documents\Test Run\Testpdfhtmlandwayback\web_research\UFDA2\anthem fonts\a2ad63a7-56d4-4ef1-bbd2-936695fc7b1f (3).woff2
Font File Found:C:\Users\goriaa\Documents\Test Run\Testpdfhtmlandwayback\web_research\UFDA2\anthem fonts\Arial-BoldMT.ttf
Font File Found:C:\Users\goriaa\Documents\Test Run\Testpdfhtmlandwayback\web_research\UFDA2\anthem fonts\ArialMT.ttf
Font File Found:C:\Users\goriaa\Documents\Test Run\Testpdfhtmlandwayback\web_research\UFDA2\anthem fonts\Calibri Bold Italic.ttf
Font File Found:C:\Users\goriaa\Documents\Test Run\Testpdfhtmlandwayback\web_research\UFDA2\anthem fonts\Calibri Bold.ttf
Font File Found:C:\Users\goriaa\Documents\Test Run\Testpdfhtmlandwayback\web_research\UFDA2\anthem fonts\Calibri Italic.ttf
Font File Found:C:\Users\goriaa\Documents\Test Run\Testpdfhtmlandwayback\web_research\UFDA2\anthem fonts\Calibri.ttf
Font File Found:C:\Users\goriaa\Documents\Test Run\Testpdfhtmlandwayback\web_research\UFDA2\anthem fonts\e4d36745-a861-4a49-aa17-6510e67429d3.woff2
Font File Found:C:\Users\goriaa\Documents\Test Run\Testpdfhtmlandwayback\web_research\UFDA2\anthem fonts\PloniDL1.1AAA-Black.otf
Font File Found:C:\Users\goriaa\Documents\Test Run\Testpdfhtmlandwayback\web_research\UFDA2\anthem fonts\PloniDL1.1AAA-Bold.otf
Font File Found:C:\Users\goriaa\Documents\Test Run\Testpdfhtmlandwayback\web_research\UFDA2\anthem fonts\PloniDL1.1AAA-D-Bold.otf
Font File Found:C:\Users\goriaa\Documents\Test Run\Testpdfhtmlandwayback\web_research\UFDA2\anthem fonts\PloniDL1.1AAA-Light.otf
Font File Found:C:\Users\goriaa\Documents\Test Run\Testpdfhtmlandwayback\web_research\UFDA2\anthem fonts\PloniDL1.1AAA-Medium.otf
Font File Found:C:\Users\goriaa\Documents\Test Run\Testpdfhtmlandwayback\web_research\UFDA2\anthem fonts\PloniDL1.1AAA-Regular.otf
Font File Found:C:\Users\goriaa\Documents\Test Run\Testpdfhtmlandwayback\web_research\UFDA2\anthem fonts\PloniDL1.1AAA-U-Bold.otf
Font File Found:C:\Users\goriaa\Documents\Test Run\Testpdfhtmlandwayback\web_research\UFDA2\anthem fonts\PloniDL1.1AAA-U-Light.otf
Font File Found:C:\Users\goriaa\Documents\Test Run\Testpdfhtmlandwayback\web_research\UFDA2\anthem fonts\ProximaNova-Bold.ttf
Font File Found:C:\Users\goriaa\Documents\Test Run\Testpdfhtmlandwayback\web_research\UFDA2\anthem fonts\ProximaNova-Light.ttf
Font File Found:C:\Users\goriaa\Documents\Test Run\Testpdfhtmlandwayback\web_research\UFDA2\anthem fonts\ProximaNova-Reg.ttf
Font File Found:C:\Users\goriaa\Documents\Test Run\Testpdfhtmlandwayback\web_research\UFDA2\anthem fonts\ProximaNova-Sbold.ttf
Font File Found:C:\Users\goriaa\Documents\Test Run\Testpdfhtmlandwayback\web_research\UFDA2\anthem fonts\ProximaNova-Thin.ttf
Font File Found:C:\Users\goriaa\Documents\Test Run\Testpdfhtmlandwayback\web_research\UFDA2\anthem fonts\Sofia Pro Bold Italic.otf
Font File Found:C:\Users\goriaa\Documents\Test Run\Testpdfhtmlandwayback\web_research\UFDA2\anthem fonts\Sofia Pro Bold.otf
Font File Found:C:\Users\goriaa\Documents\Test Run\Testpdfhtmlandwayback\web_research\UFDA2\anthem fonts\Sofia Pro Regular Italic.otf
Font File Found:C:\Users\goriaa\Documents\Test Run\Testpdfhtmlandwayback\web_research\UFDA2\anthem fonts\Sofia Pro Regular.otf
Font File Found:C:\Users\goriaa\Documents\Test Run\Testpdfhtmlandwayback\web_research\UFDA2\anthem fonts\sofiapro-black.otf
Font File Found:C:\Users\goriaa\Documents\Test Run\Testpdfhtmlandwayback\web_research\UFDA2\anthem fonts\sofiapro-blackitalic.otf
Font File Found:C:\Users\goriaa\Documents\Test Run\Testpdfhtmlandwayback\web_research\UFDA2\anthem fonts\sofiapro-bold.otf
Font File Found:C:\Users\goriaa\Documents\Test Run\Testpdfhtmlandwayback\web_research\UFDA2\anthem fonts\sofiapro-bolditalic.otf
Font File Found:C:\Users\goriaa\Documents\Test Run\Testpdfhtmlandwayback\web_research\UFDA2\anthem fonts\sofiapro-extralight.otf
Font File Found:C:\Users\goriaa\Documents\Test Run\Testpdfhtmlandwayback\web_research\UFDA2\anthem fonts\sofiapro-extralightitalic.otf
Font File Found:C:\Users\goriaa\Documents\Test Run\Testpdfhtmlandwayback\web_research\UFDA2\anthem fonts\sofiapro-light.otf
Font File Found:C:\Users\goriaa\Documents\Test Run\Testpdfhtmlandwayback\web_research\UFDA2\anthem fonts\sofiapro-lightitalic.otf
Font File Found:C:\Users\goriaa\Documents\Test Run\Testpdfhtmlandwayback\web_research\UFDA2\anthem fonts\sofiapro-medium.otf
Font File Found:C:\Users\goriaa\Documents\Test Run\Testpdfhtmlandwayback\web_research\UFDA2\anthem fonts\sofiapro-mediumitalic.otf
Font File Found:C:\Users\goriaa\Documents\Test Run\Testpdfhtmlandwayback\web_research\UFDA2\anthem fonts\sofiapro-regular.otf
Font File Found:C:\Users\goriaa\Documents\Test Run\Testpdfhtmlandwayback\web_research\UFDA2\anthem fonts\sofiapro-regularitalic.otf
Font File Found:C:\Users\goriaa\Documents\Test Run\Testpdfhtmlandwayback\web_research\UFDA2\anthem fonts\sofiapro-semibold.otf
Font File Found:C:\Users\goriaa\Documents\Test Run\Testpdfhtmlandwayback\web_research\UFDA2\anthem fonts\sofiapro-semibolditalic.otf
Font File Found:C:\Users\goriaa\Documents\Test Run\Testpdfhtmlandwayback\web_research\UFDA2\anthem fonts\sofiapro-ultralight.otf
Font File Found:C:\Users\goriaa\Documents\Test Run\Testpdfhtmlandwayback\web_research\UFDA2\anthem fonts\sofiapro-ultralightitalic.otf
Font File Found:C:\Users\goriaa\Documents\Test Run\Testpdfhtmlandwayback\web_research\UFDA2\anthem fonts\Times New Roman Bold Italic.ttf
Font File Found:C:\Users\goriaa\Documents\Test Run\Testpdfhtmlandwayback\web_research\UFDA2\anthem fonts\Times New Roman Bold.ttf
Font File Found:C:\Users\goriaa\Documents\Test Run\Testpdfhtmlandwayback\web_research\UFDA2\anthem fonts\Times New Roman Italic.ttf
Font File Found:C:\Users\goriaa\Documents\Test Run\Testpdfhtmlandwayback\web_research\UFDA2\anthem fonts\Times New Roman.ttf
Font File Found:C:\Users\goriaa\Documents\Test Run\Testpdfhtmlandwayback\web_research\UFDA2\anthem fonts\VAGRoundedStd-Black.otf
Font File Found:C:\Users\goriaa\Documents\Test Run\Testpdfhtmlandwayback\web_research\UFDA2\anthem fonts\VAGRoundedStd-Bold.otf
Font File Found:C:\Users\goriaa\Documents\Test Run\Testpdfhtmlandwayback\web_research\UFDA2\anthem fonts\VAGRoundedStd-Light.otf
Font File Found:C:\Users\goriaa\Documents\Test Run\Testpdfhtmlandwayback\web_research\UFDA2\anthem fonts\VAGRoundedStd-Thin.otf
Exception reading font:C:\Users\goriaa\Documents\Test Run\Testpdfhtmlandwayback\web_research\UFDA2\anthem fonts\__MACOSX\._Arial-BoldMT.ttf
Exception reading font:C:\Users\goriaa\Documents\Test Run\Testpdfhtmlandwayback\web_research\UFDA2\anthem fonts\__MACOSX\._ArialMT.ttf
Exception reading font:C:\Users\goriaa\Documents\Test Run\Testpdfhtmlandwayback\web_research\UFDA2\anthem fonts\__MACOSX\._Calibri Bold Italic.ttf
Exception reading font:C:\Users\goriaa\Documents\Test Run\Testpdfhtmlandwayback\web_research\UFDA2\anthem fonts\__MACOSX\._Calibri Bold.ttf
Exception reading font:C:\Users\goriaa\Documents\Test Run\Testpdfhtmlandwayback\web_research\UFDA2\anthem fonts\__MACOSX\._Calibri Italic.ttf
Exception reading font:C:\Users\goriaa\Documents\Test Run\Testpdfhtmlandwayback\web_research\UFDA2\anthem fonts\__MACOSX\._Calibri.ttf
Exception reading font:C:\Users\goriaa\Documents\Test Run\Testpdfhtmlandwayback\web_research\UFDA2\anthem fonts\__MACOSX\._PloniDL1.1AAA-Black.otf
Exception reading font:C:\Users\goriaa\Documents\Test Run\Testpdfhtmlandwayback\web_research\UFDA2\anthem fonts\__MACOSX\._PloniDL1.1AAA-Bold.otf
Exception reading font:C:\Users\goriaa\Documents\Test Run\Testpdfhtmlandwayback\web_research\UFDA2\anthem fonts\__MACOSX\._PloniDL1.1AAA-D-Bold.otf
Exception reading font:C:\Users\goriaa\Documents\Test Run\Testpdfhtmlandwayback\web_research\UFDA2\anthem fonts\__MACOSX\._PloniDL1.1AAA-Light.otf
Exception reading font:C:\Users\goriaa\Documents\Test Run\Testpdfhtmlandwayback\web_research\UFDA2\anthem fonts\__MACOSX\._PloniDL1.1AAA-Medium.otf
Exception reading font:C:\Users\goriaa\Documents\Test Run\Testpdfhtmlandwayback\web_research\UFDA2\anthem fonts\__MACOSX\._PloniDL1.1AAA-Regular.otf
Exception reading font:C:\Users\goriaa\Documents\Test Run\Testpdfhtmlandwayback\web_research\UFDA2\anthem fonts\__MACOSX\._PloniDL1.1AAA-U-Bold.otf
Exception reading font:C:\Users\goriaa\Documents\Test Run\Testpdfhtmlandwayback\web_research\UFDA2\anthem fonts\__MACOSX\._PloniDL1.1AAA-U-Light.otf
Exception reading font:C:\Users\goriaa\Documents\Test Run\Testpdfhtmlandwayback\web_research\UFDA2\anthem fonts\__MACOSX\._ProximaNova-Bold.ttf
Exception reading font:C:\Users\goriaa\Documents\Test Run\Testpdfhtmlandwayback\web_research\UFDA2\anthem fonts\__MACOSX\._ProximaNova-Light.ttf
Exception reading font:C:\Users\goriaa\Documents\Test Run\Testpdfhtmlandwayback\web_research\UFDA2\anthem fonts\__MACOSX\._ProximaNova-Reg.ttf
Exception reading font:C:\Users\goriaa\Documents\Test Run\Testpdfhtmlandwayback\web_research\UFDA2\anthem fonts\__MACOSX\._ProximaNova-Sbold.ttf
Exception reading font:C:\Users\goriaa\Documents\Test Run\Testpdfhtmlandwayback\web_research\UFDA2\anthem fonts\__MACOSX\._ProximaNova-Thin.ttf
Exception reading font:C:\Users\goriaa\Documents\Test Run\Testpdfhtmlandwayback\web_research\UFDA2\anthem fonts\__MACOSX\._Sofia Pro Bold Italic.otf
Exception reading font:C:\Users\goriaa\Documents\Test Run\Testpdfhtmlandwayback\web_research\UFDA2\anthem fonts\__MACOSX\._Sofia Pro Bold.otf
Exception reading font:C:\Users\goriaa\Documents\Test Run\Testpdfhtmlandwayback\web_research\UFDA2\anthem fonts\__MACOSX\._Sofia Pro Regular Italic.otf
Exception reading font:C:\Users\goriaa\Documents\Test Run\Testpdfhtmlandwayback\web_research\UFDA2\anthem fonts\__MACOSX\._Sofia Pro Regular.otf
Exception reading font:C:\Users\goriaa\Documents\Test Run\Testpdfhtmlandwayback\web_research\UFDA2\anthem fonts\__MACOSX\._sofiapro-black.otf
Exception reading font:C:\Users\goriaa\Documents\Test Run\Testpdfhtmlandwayback\web_research\UFDA2\anthem fonts\__MACOSX\._sofiapro-blackitalic.otf
Exception reading font:C:\Users\goriaa\Documents\Test Run\Testpdfhtmlandwayback\web_research\UFDA2\anthem fonts\__MACOSX\._sofiapro-bold.otf
Exception reading font:C:\Users\goriaa\Documents\Test Run\Testpdfhtmlandwayback\web_research\UFDA2\anthem fonts\__MACOSX\._sofiapro-bolditalic.otf
Exception reading font:C:\Users\goriaa\Documents\Test Run\Testpdfhtmlandwayback\web_research\UFDA2\anthem fonts\__MACOSX\._sofiapro-extralight.otf
Exception reading font:C:\Users\goriaa\Documents\Test Run\Testpdfhtmlandwayback\web_research\UFDA2\anthem fonts\__MACOSX\._sofiapro-extralightitalic.otf
Exception reading font:C:\Users\goriaa\Documents\Test Run\Testpdfhtmlandwayback\web_research\UFDA2\anthem fonts\__MACOSX\._sofiapro-light.otf
Exception reading font:C:\Users\goriaa\Documents\Test Run\Testpdfhtmlandwayback\web_research\UFDA2\anthem fonts\__MACOSX\._sofiapro-lightitalic.otf
Exception reading font:C:\Users\goriaa\Documents\Test Run\Testpdfhtmlandwayback\web_research\UFDA2\anthem fonts\__MACOSX\._sofiapro-medium.otf
Exception reading font:C:\Users\goriaa\Documents\Test Run\Testpdfhtmlandwayback\web_research\UFDA2\anthem fonts\__MACOSX\._sofiapro-mediumitalic.otf
Exception reading font:C:\Users\goriaa\Documents\Test Run\Testpdfhtmlandwayback\web_research\UFDA2\anthem fonts\__MACOSX\._sofiapro-regular.otf
Exception reading font:C:\Users\goriaa\Documents\Test Run\Testpdfhtmlandwayback\web_research\UFDA2\anthem fonts\__MACOSX\._sofiapro-regularitalic.otf
Exception reading font:C:\Users\goriaa\Documents\Test Run\Testpdfhtmlandwayback\web_research\UFDA2\anthem fonts\__MACOSX\._sofiapro-semibold.otf
Exception reading font:C:\Users\goriaa\Documents\Test Run\Testpdfhtmlandwayback\web_research\UFDA2\anthem fonts\__MACOSX\._sofiapro-semibolditalic.otf
Exception reading font:C:\Users\goriaa\Documents\Test Run\Testpdfhtmlandwayback\web_research\UFDA2\anthem fonts\__MACOSX\._sofiapro-ultralight.otf
Exception reading font:C:\Users\goriaa\Documents\Test Run\Testpdfhtmlandwayback\web_research\UFDA2\anthem fonts\__MACOSX\._sofiapro-ultralightitalic.otf
Exception reading font:C:\Users\goriaa\Documents\Test Run\Testpdfhtmlandwayback\web_research\UFDA2\anthem fonts\__MACOSX\._Times New Roman Bold Italic.ttf
Exception reading font:C:\Users\goriaa\Documents\Test Run\Testpdfhtmlandwayback\web_research\UFDA2\anthem fonts\__MACOSX\._Times New Roman Bold.ttf
Exception reading font:C:\Users\goriaa\Documents\Test Run\Testpdfhtmlandwayback\web_research\UFDA2\anthem fonts\__MACOSX\._Times New Roman Italic.ttf
Exception reading font:C:\Users\goriaa\Documents\Test Run\Testpdfhtmlandwayback\web_research\UFDA2\anthem fonts\__MACOSX\._Times New Roman.ttf
Exception reading font:C:\Users\goriaa\Documents\Test Run\Testpdfhtmlandwayback\web_research\UFDA2\anthem fonts\__MACOSX\._VAGRoundedStd-Black.otf
Exception reading font:C:\Users\goriaa\Documents\Test Run\Testpdfhtmlandwayback\web_research\UFDA2\anthem fonts\__MACOSX\._VAGRoundedStd-Bold.otf
Exception reading font:C:\Users\goriaa\Documents\Test Run\Testpdfhtmlandwayback\web_research\UFDA2\anthem fonts\__MACOSX\._VAGRoundedStd-Light.otf
Exception reading font:C:\Users\goriaa\Documents\Test Run\Testpdfhtmlandwayback\web_research\UFDA2\anthem fonts\__MACOSX\._VAGRoundedStd-Thin.otf



